<?xml version="1.0" encoding="UTF-8"?>
<testng-results ignored="0" total="2" passed="2" failed="0" skipped="0">
  <reporter-output>
  </reporter-output>
  <suite started-at="2025-02-12T18:00:49 IST" name="Default suite" finished-at="2025-02-12T18:00:59 IST" duration-ms="9643">
    <groups>
    </groups>
    <test started-at="2025-02-12T18:00:49 IST" name="Default test" finished-at="2025-02-12T18:00:59 IST" duration-ms="9643">
      <class name="com.AttendanceSeliniumTest.main.ViewAllAttendanceRequestPage">
        <test-method is-config="true" signature="LaunchBrowser(org.testng.ITestContext)[pri:0, instance:com.AttendanceSeliniumTest.main.ViewAllAttendanceRequestPage@3243b914]" started-at="2025-02-12T17:59:38 IST" name="LaunchBrowser" finished-at="2025-02-12T18:00:49 IST" duration-ms="71378" status="PASS">
          <params>
            <param index="0">
              <value>
                <![CDATA[org.testng.TestRunner@4bf3798b]]>
              </value>
            </param>
          </params>
          <reporter-output>
          </reporter-output>
        </test-method> <!-- LaunchBrowser -->
        <test-method signature="ApproveButtonCheck()[pri:1, instance:com.AttendanceSeliniumTest.main.ViewAllAttendanceRequestPage@3243b914]" started-at="2025-02-12T18:00:49 IST" name="ApproveButtonCheck" finished-at="2025-02-12T18:00:56 IST" duration-ms="7190" status="PASS">
          <reporter-output>
          </reporter-output>
        </test-method> <!-- ApproveButtonCheck -->
        <test-method signature="rejectButtonCheck()[pri:2, instance:com.AttendanceSeliniumTest.main.ViewAllAttendanceRequestPage@3243b914]" started-at="2025-02-12T18:00:56 IST" name="rejectButtonCheck" finished-at="2025-02-12T18:00:59 IST" duration-ms="2179" status="PASS">
          <reporter-output>
          </reporter-output>
        </test-method> <!-- rejectButtonCheck -->
        <test-method is-config="true" signature="CloseBrowser(org.testng.ITestContext)[pri:0, instance:com.AttendanceSeliniumTest.main.ViewAllAttendanceRequestPage@3243b914]" started-at="2025-02-12T18:01:01 IST" name="CloseBrowser" finished-at="2025-02-12T18:01:22 IST" duration-ms="20971" status="PASS">
          <params>
            <param index="0">
              <value>
                <![CDATA[org.testng.TestRunner@4bf3798b]]>
              </value>
            </param>
          </params>
          <reporter-output>
          </reporter-output>
        </test-method> <!-- CloseBrowser -->
      </class> <!-- com.AttendanceSeliniumTest.main.ViewAllAttendanceRequestPage -->
    </test> <!-- Default test -->
  </suite> <!-- Default suite -->
</testng-results>
