<?xml version="1.0" encoding="UTF-8"?>
<!-- Generated by org.testng.reporters.JUnitXMLReporter -->
<testsuite ignored="0" hostname="CPDK301" failures="0" tests="6" name="Test" time="99.882" errors="0" timestamp="2025-02-18T14:20:49 IST">
  <testcase classname="com.AttendanceManagementTest.main.AttendanceTest" name="testAdminLogin" time="10.116"/>
  <testcase classname="com.AttendanceManagementTest.main.AttendanceTest" name="testMarkAttendance" time="10.754"/>
  <testcase classname="com.AttendanceManagementTest.main.AttendanceTest" name="testViewAttendanceHistory" time="9.683"/>
  <testcase classname="com.AttendanceManagementTest.main.AttendanceTest" name="testViewStudentAttendances" time="25.628"/>
  <testcase classname="com.AttendanceManagementTest.main.AttendanceTest" name="testViewTeacherAttendances" time="19.736"/>
  <testcase classname="com.AttendanceManagementTest.main.AttendanceTest" name="testViewAllAttendances" time="21.79"/>
</testsuite> <!-- Test -->
