<?xml version="1.0" encoding="UTF-8"?>
<!-- Generated by org.testng.reporters.JUnitXMLReporter -->
<testsuite ignored="0" hostname="CPDK356" failures="0" tests="2" name="Default test" time="9.643" errors="0" timestamp="2025-02-12T18:01:01 IST">
  <testcase classname="com.AttendanceSeliniumTest.main.ViewAllAttendanceRequestPage" name="ApproveButtonCheck" time="7.19"/>
  <testcase classname="com.AttendanceSeliniumTest.main.ViewAllAttendanceRequestPage" name="rejectButtonCheck" time="2.179"/>
</testsuite> <!-- Default test -->
