<?xml version="1.0" encoding="UTF-8"?>
<testng-results ignored="0" total="6" passed="6" failed="0" skipped="0">
  <reporter-output>
  </reporter-output>
  <suite started-at="2025-02-18T14:19:09 IST" name="Suite" finished-at="2025-02-18T14:20:49 IST" duration-ms="99882">
    <groups>
    </groups>
    <test started-at="2025-02-18T14:19:09 IST" name="Test" finished-at="2025-02-18T14:20:49 IST" duration-ms="99882">
      <class name="com.AttendanceManagementTest.main.AttendanceTest">
        <test-method is-config="true" signature="setUp(org.testng.ITestContext)[pri:0, instance:com.AttendanceManagementTest.main.AttendanceTest@2a39fe6a]" started-at="2025-02-18T14:19:09 IST" name="setUp" finished-at="2025-02-18T14:19:11 IST" duration-ms="2086" status="PASS">
          <params>
            <param index="0">
              <value>
                <![CDATA[org.testng.TestRunner@44b194fe]]>
              </value>
            </param>
          </params>
          <reporter-output>
          </reporter-output>
        </test-method> <!-- setUp -->
        <test-method signature="testAdminLogin()[pri:1, instance:com.AttendanceManagementTest.main.AttendanceTest@2a39fe6a]" started-at="2025-02-18T14:19:11 IST" name="testAdminLogin" description="Login as Admin and Verify Dashboard Redirection" finished-at="2025-02-18T14:19:21 IST" duration-ms="10116" status="PASS">
          <reporter-output>
          </reporter-output>
        </test-method> <!-- testAdminLogin -->
        <test-method signature="testMarkAttendance()[pri:2, instance:com.AttendanceManagementTest.main.AttendanceTest@2a39fe6a]" started-at="2025-02-18T14:19:21 IST" name="testMarkAttendance" description="Mark Attendance" finished-at="2025-02-18T14:19:32 IST" duration-ms="10754" status="PASS">
          <reporter-output>
          </reporter-output>
        </test-method> <!-- testMarkAttendance -->
        <test-method signature="testViewAttendanceHistory()[pri:3, instance:com.AttendanceManagementTest.main.AttendanceTest@2a39fe6a]" started-at="2025-02-18T14:19:32 IST" name="testViewAttendanceHistory" description="View Attendance History" finished-at="2025-02-18T14:19:42 IST" duration-ms="9683" status="PASS">
          <reporter-output>
          </reporter-output>
        </test-method> <!-- testViewAttendanceHistory -->
        <test-method signature="testViewStudentAttendances()[pri:4, instance:com.AttendanceManagementTest.main.AttendanceTest@2a39fe6a]" started-at="2025-02-18T14:19:42 IST" name="testViewStudentAttendances" description="View Student Attendances" finished-at="2025-02-18T14:20:07 IST" duration-ms="25628" status="PASS">
          <reporter-output>
          </reporter-output>
        </test-method> <!-- testViewStudentAttendances -->
        <test-method signature="testViewTeacherAttendances()[pri:5, instance:com.AttendanceManagementTest.main.AttendanceTest@2a39fe6a]" started-at="2025-02-18T14:20:07 IST" name="testViewTeacherAttendances" description="View Teacher Attendances" finished-at="2025-02-18T14:20:27 IST" duration-ms="19736" status="PASS">
          <reporter-output>
          </reporter-output>
        </test-method> <!-- testViewTeacherAttendances -->
        <test-method signature="testViewAllAttendances()[pri:6, instance:com.AttendanceManagementTest.main.AttendanceTest@2a39fe6a]" started-at="2025-02-18T14:20:27 IST" name="testViewAllAttendances" description="View All Attendances" finished-at="2025-02-18T14:20:49 IST" duration-ms="21790" status="PASS">
          <reporter-output>
          </reporter-output>
        </test-method> <!-- testViewAllAttendances -->
        <test-method is-config="true" signature="tearDown()[pri:0, instance:com.AttendanceManagementTest.main.AttendanceTest@2a39fe6a]" started-at="2025-02-18T14:20:49 IST" name="tearDown" finished-at="2025-02-18T14:20:52 IST" duration-ms="3074" status="PASS">
          <reporter-output>
          </reporter-output>
        </test-method> <!-- tearDown -->
      </class> <!-- com.AttendanceManagementTest.main.AttendanceTest -->
    </test> <!-- Test -->
  </suite> <!-- Suite -->
</testng-results>
